OpenROAD b16bda7e82721d10566ff7e2b68f1ff0be9f9e38 
Features included (+) or not (-): +Charts +GPU +GUI +Python
This program is licensed under the BSD-3 license. See the LICENSE file for details.
Components of this program may be licensed under more restrictive licenses which must be honored.
define_corners Typical
read_liberty -corner Typical /home/running_courses/EE671/EE671_40/.volare/sky130A/libs.ref/sky130_fd_sc_hd/lib/sky130_fd_sc_hd__tt_025C_1v80.lib
Using 1e-12 for capacitance...
Using 1e+03 for resistance...
Using 1e-09 for time...
Using 1e+00 for voltage...
Using 1e-03 for current...
Using 1e-09 for power...
Using 1e-06 for distance...
[INFO]: Reading ODB at '/openlane/designs/laplacian/runs/full_guide/tmp/16-laplacian.odb'…
Reading design constraints file at '/openlane/designs/laplacian/src/laplacian.sdc'…
[INFO]: Setting signal min routing layer to: met1 and clock min routing layer to met3. 
[INFO]: Setting signal max routing layer to: met5 and clock max routing layer to met5. 
-congestion_iterations 50 -verbose -congestion_report_file /openlane/designs/laplacian/runs/full_guide/tmp/routing/groute-congestion.rpt
[INFO GRT-0020] Min routing layer: met1
[INFO GRT-0021] Max routing layer: met5
[INFO GRT-0022] Global adjustment: 30%
[INFO GRT-0023] Grid origin: (0, 0)
[INFO GRT-0043] No OR_DEFAULT vias defined.
[INFO GRT-0088] Layer li1     Track-Pitch = 0.4600  line-2-Via Pitch: 0.3400
[INFO GRT-0088] Layer met1    Track-Pitch = 0.3400  line-2-Via Pitch: 0.3400
[INFO GRT-0088] Layer met2    Track-Pitch = 0.4600  line-2-Via Pitch: 0.3500
[INFO GRT-0088] Layer met3    Track-Pitch = 0.6800  line-2-Via Pitch: 0.6150
[INFO GRT-0088] Layer met4    Track-Pitch = 0.9200  line-2-Via Pitch: 1.0400
[INFO GRT-0088] Layer met5    Track-Pitch = 3.4000  line-2-Via Pitch: 3.1100
[INFO GRT-0019] Found 74 clock nets.
[INFO GRT-0001] Minimum degree: 2
[INFO GRT-0002] Maximum degree: 17
[INFO GRT-0003] Macros: 0
[INFO GRT-0043] No OR_DEFAULT vias defined.
[INFO GRT-0004] Blockages: 7557

[INFO GRT-0053] Routing resources analysis:
          Routing      Original      Derated      Resource
Layer     Direction    Resources     Resources    Reduction (%)
---------------------------------------------------------------
li1        Vertical            0             0          0.00%
met1       Horizontal      33960         16089          52.62%
met2       Vertical        25776         16620          35.52%
met3       Horizontal      16980         11319          33.34%
met4       Vertical        10428          5166          50.46%
met5       Horizontal       3396          1443          57.51%
---------------------------------------------------------------

[INFO GRT-0101] Running extra iterations to remove overflow.
[INFO GRT-0197] Via related to pin nodes: 18233
[INFO GRT-0198] Via related Steiner nodes: 729
[INFO GRT-0199] Via filling finished.
[INFO GRT-0111] Final number of vias: 23858
[INFO GRT-0112] Final usage 3D: 91394

[INFO GRT-0096] Final congestion report:
Layer         Resource        Demand        Usage (%)    Max H / Max V / Total Overflow
---------------------------------------------------------------------------------------
li1                  0             0            0.00%             0 /  0 /  0
met1             16089          7851           48.80%             0 /  0 /  0
met2             16620          8301           49.95%             0 /  0 /  0
met3             11319          2568           22.69%             0 /  0 /  0
met4              5166          1032           19.98%             0 /  0 /  0
met5              1443            68            4.71%             0 /  0 /  0
---------------------------------------------------------------------------------------
Total            50637         19820           39.14%             0 /  0 /  0

[INFO GRT-0018] Total wirelength: 195877 um
[INFO GRT-0014] Routed nets: 3252
[INFO GRT-0006] Repairing antennas, iteration 1.
[INFO GRT-0043] No OR_DEFAULT vias defined.
[INFO GRT-0012] Found 15 antenna violations.
[INFO GRT-0015] Inserted 20 diodes.
[INFO GRT-0009] rerouting 2234 nets.
[INFO GRT-0001] Minimum degree: 2
[INFO GRT-0002] Maximum degree: 17
[INFO GRT-0006] Repairing antennas, iteration 2.
[INFO GRT-0043] No OR_DEFAULT vias defined.
[INFO GRT-0012] Found 3 antenna violations.
[INFO GRT-0015] Inserted 3 diodes.
[INFO GRT-0009] rerouting 29 nets.
[INFO GRT-0001] Minimum degree: 2
[INFO GRT-0002] Maximum degree: 11
[INFO GRT-0006] Repairing antennas, iteration 3.
[INFO GRT-0043] No OR_DEFAULT vias defined.
[INFO GRT-0012] Found 0 antenna violations.
Placement Analysis
---------------------------------
total displacement          0.0 u
average displacement        0.0 u
max displacement            0.0 u
original HPWL          114749.9 u
legalized HPWL         114749.9 u
delta HPWL                    0 %

[INFO DPL-0020] Mirrored 1222 instances
[INFO DPL-0021] HPWL before          114749.9 u
[INFO DPL-0022] HPWL after           112962.3 u
[INFO DPL-0023] HPWL delta               -1.6 %
[INFO]: Setting signal min routing layer to: met1 and clock min routing layer to met3. 
[INFO]: Setting signal max routing layer to: met5 and clock max routing layer to met5. 
-congestion_iterations 50 -verbose -congestion_report_file /openlane/designs/laplacian/runs/full_guide/tmp/routing/groute-congestion.rpt
[INFO GRT-0020] Min routing layer: met1
[INFO GRT-0021] Max routing layer: met5
[INFO GRT-0022] Global adjustment: 30%
[INFO GRT-0023] Grid origin: (0, 0)
[INFO GRT-0043] No OR_DEFAULT vias defined.
[INFO GRT-0088] Layer li1     Track-Pitch = 0.4600  line-2-Via Pitch: 0.3400
[INFO GRT-0088] Layer met1    Track-Pitch = 0.3400  line-2-Via Pitch: 0.3400
[INFO GRT-0088] Layer met2    Track-Pitch = 0.4600  line-2-Via Pitch: 0.3500
[INFO GRT-0088] Layer met3    Track-Pitch = 0.6800  line-2-Via Pitch: 0.6150
[INFO GRT-0088] Layer met4    Track-Pitch = 0.9200  line-2-Via Pitch: 1.0400
[INFO GRT-0088] Layer met5    Track-Pitch = 3.4000  line-2-Via Pitch: 3.1100
[INFO GRT-0019] Found 74 clock nets.
[INFO GRT-0001] Minimum degree: 2
[INFO GRT-0002] Maximum degree: 17
[INFO GRT-0003] Macros: 0
[INFO GRT-0043] No OR_DEFAULT vias defined.
[INFO GRT-0004] Blockages: 7557

[INFO GRT-0053] Routing resources analysis:
          Routing      Original      Derated      Resource
Layer     Direction    Resources     Resources    Reduction (%)
---------------------------------------------------------------
li1        Vertical            0             0          0.00%
met1       Horizontal      33960         16088          52.63%
met2       Vertical        25776         16620          35.52%
met3       Horizontal      16980         11319          33.34%
met4       Vertical        10428          5166          50.46%
met5       Horizontal       3396          1443          57.51%
---------------------------------------------------------------

[INFO GRT-0101] Running extra iterations to remove overflow.
[INFO GRT-0197] Via related to pin nodes: 18226
[INFO GRT-0198] Via related Steiner nodes: 746
[INFO GRT-0199] Via filling finished.
[INFO GRT-0111] Final number of vias: 23816
[INFO GRT-0112] Final usage 3D: 91272

[INFO GRT-0096] Final congestion report:
Layer         Resource        Demand        Usage (%)    Max H / Max V / Total Overflow
---------------------------------------------------------------------------------------
li1                  0             0            0.00%             0 /  0 /  0
met1             16088          7881           48.99%             0 /  0 /  0
met2             16620          8298           49.93%             0 /  0 /  0
met3             11319          2589           22.87%             0 /  0 /  0
met4              5166          1028           19.90%             0 /  0 /  0
met5              1443            28            1.94%             0 /  0 /  0
---------------------------------------------------------------------------------------
Total            50636         19824           39.15%             0 /  0 /  0

[INFO GRT-0018] Total wirelength: 195884 um
[INFO GRT-0014] Routed nets: 3252
Setting global connections for newly added cells…
Writing OpenROAD database to '/openlane/designs/laplacian/runs/full_guide/tmp/routing/18-global.odb'…
Writing layout to '/openlane/designs/laplacian/runs/full_guide/tmp/routing/18-global.def'…
Writing routing guides to '/openlane/designs/laplacian/runs/full_guide/tmp/routing/18-global.guide'…
